AH00558: httpd.exe: Could not reliably determine the server's fully qualified domain name, using fe80::4d24:5b20:e966:9c3e. Set the 'ServerName' directive globally to suppress this message
[Mon Mar 08 00:50:18.431408 2021] [mpm_winnt:notice] [pid 8836:tid 540] AH00455: Apache/2.4.43 (Win32) configured -- resuming normal operations
[Mon Mar 08 00:50:18.432405 2021] [mpm_winnt:notice] [pid 8836:tid 540] AH00456: Server built: Apr 21 2020 13:46:54
[Mon Mar 08 00:50:18.432405 2021] [core:notice] [pid 8836:tid 540] AH00094: Command line: 'C:\\Users\\jones\\AppData\\Roaming\\Local\\lightning-services\\apache-2.4.43+6\\bin\\win32\\bin\\httpd.exe -d C:/Users/jones/AppData/Roaming/Local/lightning-services/apache-2.4.43+6/bin/win32 -D FOREGROUND -f C:\\Users\\jones\\AppData\\Roaming\\Local\\run\\WbGg4oXui\\conf\\apache\\apache2.conf'
[Mon Mar 08 00:50:18.624891 2021] [mpm_winnt:notice] [pid 8836:tid 540] AH00418: Parent: Created child process 2964
AH00558: httpd.exe: Could not reliably determine the server's fully qualified domain name, using fe80::4d24:5b20:e966:9c3e. Set the 'ServerName' directive globally to suppress this message
AH00558: httpd.exe: Could not reliably determine the server's fully qualified domain name, using fe80::4d24:5b20:e966:9c3e. Set the 'ServerName' directive globally to suppress this message
[Mon Mar 08 00:50:20.802071 2021] [mpm_winnt:notice] [pid 2964:tid 816] AH00354: Child: Starting 64 worker threads.
AH00558: httpd.exe: Could not reliably determine the server's fully qualified domain name, using fe80::4d24:5b20:e966:9c3e. Set the 'ServerName' directive globally to suppress this message
[Mon Mar 08 16:55:44.675067 2021] [core:warn] [pid 2752:tid 804] AH00098: pid file C:/Users/jones/AppData/Roaming/Local/run/WbGg4oXui/apache/logs/httpd.pid overwritten -- Unclean shutdown of previous Apache run?
[Mon Mar 08 16:55:44.688032 2021] [mpm_winnt:notice] [pid 2752:tid 804] AH00455: Apache/2.4.43 (Win32) configured -- resuming normal operations
[Mon Mar 08 16:55:44.688032 2021] [mpm_winnt:notice] [pid 2752:tid 804] AH00456: Server built: Apr 21 2020 13:46:54
[Mon Mar 08 16:55:44.688032 2021] [core:notice] [pid 2752:tid 804] AH00094: Command line: 'C:\\Users\\jones\\AppData\\Roaming\\Local\\lightning-services\\apache-2.4.43+6\\bin\\win32\\bin\\httpd.exe -d C:/Users/jones/AppData/Roaming/Local/lightning-services/apache-2.4.43+6/bin/win32 -D FOREGROUND -f C:\\Users\\jones\\AppData\\Roaming\\Local\\run\\WbGg4oXui\\conf\\apache\\apache2.conf'
[Mon Mar 08 16:55:44.825664 2021] [mpm_winnt:notice] [pid 2752:tid 804] AH00418: Parent: Created child process 9244
AH00558: httpd.exe: Could not reliably determine the server's fully qualified domain name, using fe80::4d24:5b20:e966:9c3e. Set the 'ServerName' directive globally to suppress this message
AH00558: httpd.exe: Could not reliably determine the server's fully qualified domain name, using fe80::4d24:5b20:e966:9c3e. Set the 'ServerName' directive globally to suppress this message
[Mon Mar 08 16:55:45.702320 2021] [mpm_winnt:notice] [pid 9244:tid 800] AH00354: Child: Starting 64 worker threads.
AH00558: httpd.exe: Could not reliably determine the server's fully qualified domain name, using fe80::4d24:5b20:e966:9c3e. Set the 'ServerName' directive globally to suppress this message
[Fri Mar 12 00:35:54.033581 2021] [core:warn] [pid 13400:tid 748] AH00098: pid file C:/Users/jones/AppData/Roaming/Local/run/WbGg4oXui/apache/logs/httpd.pid overwritten -- Unclean shutdown of previous Apache run?
[Fri Mar 12 00:35:54.042557 2021] [mpm_winnt:notice] [pid 13400:tid 748] AH00455: Apache/2.4.43 (Win32) configured -- resuming normal operations
[Fri Mar 12 00:35:54.042557 2021] [mpm_winnt:notice] [pid 13400:tid 748] AH00456: Server built: Apr 21 2020 13:46:54
[Fri Mar 12 00:35:54.042557 2021] [core:notice] [pid 13400:tid 748] AH00094: Command line: 'C:\\Users\\jones\\AppData\\Roaming\\Local\\lightning-services\\apache-2.4.43+6\\bin\\win32\\bin\\httpd.exe -d C:/Users/jones/AppData/Roaming/Local/lightning-services/apache-2.4.43+6/bin/win32 -D FOREGROUND -f C:\\Users\\jones\\AppData\\Roaming\\Local\\run\\WbGg4oXui\\conf\\apache\\apache2.conf'
[Fri Mar 12 00:35:54.216094 2021] [mpm_winnt:notice] [pid 13400:tid 748] AH00418: Parent: Created child process 560
AH00558: httpd.exe: Could not reliably determine the server's fully qualified domain name, using fe80::4d24:5b20:e966:9c3e. Set the 'ServerName' directive globally to suppress this message
AH00558: httpd.exe: Could not reliably determine the server's fully qualified domain name, using fe80::4d24:5b20:e966:9c3e. Set the 'ServerName' directive globally to suppress this message
